<?xml version="1.0" encoding="UTF-8"?>
<testsuite xmlns:xsi="http://www.w3.org/2001/XMLSchema-instance" xsi:noNamespaceSchemaLocation="https://maven.apache.org/surefire/maven-surefire-plugin/xsd/surefire-test-report.xsd" name="belajar.testing.CalculatorTest" time="0.137" tests="3" errors="0" skipped="0" failures="0">
  <properties>
[...]
</properties>
  <testcase name="TestAddSuccess" classname="belajar.testing.CalculatorTest" time="0.077"/>
  <testcase name="TestDivideSuccess" classname="belajar.testing.CalculatorTest" time="0.003"/>
  <testcase name="TestDivideFailed" classname="belajar.testing.CalculatorTest" time="0.007"/>
</testsuite>